[23:23:48] [main/INFO]: Loading Minecraft 1.21.4 with Fabric Loader 0.16.14
[23:23:48] [main/WARN]: Warnings were found!
 - Mod 'More Mobs' (moremobs) 1.5.4+mod recommends any version of modmenu, which is missing!
	 - You should install any version of modmenu for the optimal experience.
 - Mod 'More Mobs' (moremobs) 1.5.4+mod recommends any version of modmenu-badges-lib, which is missing!
	 - You should install any version of modmenu-badges-lib for the optimal experience.
 - Mod 'More Mobs' (moremobs) 1.5.4+mod recommends any version of midnightlib, which is missing!
	 - You should install any version of midnightlib for the optimal experience.
[23:23:48] [main/INFO]: Loading 73 mods:
	- advancednetherite 2.2.2-1.21.4
	- architectury 15.0.3
	- balm 21.4.34
	   \-- kuma_api 21.4.6
	- calcmod 1.3.3+fabric.1.21.4
	   |-- clientarguments 1.9
	   \-- org_mariuszgromada_math_mathparser_org-mxparser 5.0.6
	- copperhopper 0.13.2+1.21.4
	- fabric-api 0.119.3+1.21.4
	   |-- fabric-api-base 0.4.54+b47eab6b04
	   |-- fabric-api-lookup-api-v1 1.6.86+b1caf1e904
	   |-- fabric-biome-api-v1 15.0.6+b1c29d8e04
	   |-- fabric-block-api-v1 1.0.31+7feeb73304
	   |-- fabric-block-view-api-v2 1.0.20+9c49cc8c04
	   |-- fabric-blockrenderlayer-v1 2.0.8+7feeb73304
	   |-- fabric-client-tags-api-v1 1.1.29+20ea1e2304
	   |-- fabric-command-api-v1 1.2.62+f71b366f04
	   |-- fabric-command-api-v2 2.2.41+e496eb1504
	   |-- fabric-commands-v0 0.2.79+df3654b304
	   |-- fabric-content-registries-v0 9.1.19+25d1a67604
	   |-- fabric-convention-tags-v1 2.1.20+7f945d5b04
	   |-- fabric-convention-tags-v2 2.14.1+aebda09404
	   |-- fabric-crash-report-info-v1 0.3.6+7feeb73304
	   |-- fabric-data-attachment-api-v1 1.6.2+e99da0f704
	   |-- fabric-data-generation-api-v1 22.3.1+0f4e5f5504
	   |-- fabric-dimensions-v1 4.0.10+7feeb73304
	   |-- fabric-entity-events-v1 2.0.15+62245bef04
	   |-- fabric-events-interaction-v0 4.0.4+a4eebcf004
	   |-- fabric-game-rule-api-v1 1.0.63+7d48d43904
	   |-- fabric-item-api-v1 11.3.0+ee91fa1f04
	   |-- fabric-item-group-api-v1 4.2.2+fcb9601404
	   |-- fabric-key-binding-api-v1 1.0.57+7d48d43904
	   |-- fabric-keybindings-v0 0.2.55+df3654b304
	   |-- fabric-lifecycle-events-v1 2.5.4+bf2a60eb04
	   |-- fabric-loot-api-v2 3.0.38+3f89f5a504
	   |-- fabric-loot-api-v3 1.0.26+203e6b2304
	   |-- fabric-message-api-v1 6.0.26+238a33c004
	   |-- fabric-model-loading-api-v1 4.3.0+ae23723504
	   |-- fabric-networking-api-v1 4.4.0+db5e668204
	   |-- fabric-object-builder-api-v1 18.0.14+38b0d59804
	   |-- fabric-particles-v1 4.0.14+7feeb73304
	   |-- fabric-recipe-api-v1 8.1.1+640e77ae04
	   |-- fabric-registry-sync-v0 6.1.11+4a9c1ece04
	   |-- fabric-renderer-api-v1 5.0.3+50f0feb204
	   |-- fabric-renderer-indigo 2.0.3+50f0feb204
	   |-- fabric-rendering-data-attachment-v1 0.3.58+73761d2e04
	   |-- fabric-rendering-fluids-v1 3.1.19+7feeb73304
	   |-- fabric-rendering-v1 10.2.1+0d31b09f04
	   |-- fabric-resource-conditions-api-v1 5.0.13+203e6b2304
	   |-- fabric-resource-loader-v0 3.1.1+360374ac04
	   |-- fabric-screen-api-v1 2.0.38+7feeb73304
	   |-- fabric-screen-handler-api-v1 1.3.118+7feeb73304
	   |-- fabric-sound-api-v1 1.0.32+7feeb73304
	   |-- fabric-tag-api-v1 1.0.7+7d48d43904
	   |-- fabric-transfer-api-v1 5.4.9+efa825c904
	   \-- fabric-transitive-access-wideners-v1 6.3.2+56e78b9b04
	- fabricloader 0.16.14
	   \-- mixinextras 0.4.1
	- geckolib 4.8.5
	- jamlib 1.3.5+1.21.4
	   \-- blue_endless_jankson 1.2.3
	- java 21
	- minecraft 1.21.4
	- moremobs 1.5.4+mod
	- mr_dungeons_andtaverns 1-v4.6.3
	- mr_katters_structures 2.2.1
	- mr_serversleep 1-datapack2
	- mr_true_ending 1-v1.1.4b
	- rightclickharvest 4.5.3+1.21.4-patch.1
	- uselessreptile 0.9.8-1.21.4
	   |-- common-protection-api 1.0.0
	   \-- primitive_multipart_entities 1.1.1
	- waystones 21.4.15
	- wilderwild 4.0.11-mc1.21.4
	   \-- frozenlib 2.1.4-mc1.21.4
	- yet_another_config_lib_v3 3.6.6+1.21.4-fabric
	   |-- com_twelvemonkeys_common_common-image 3.12.0
	   |-- com_twelvemonkeys_common_common-io 3.12.0
	   |-- com_twelvemonkeys_common_common-lang 3.12.0
	   |-- com_twelvemonkeys_imageio_imageio-core 3.12.0
	   |-- com_twelvemonkeys_imageio_imageio-metadata 3.12.0
	   |-- com_twelvemonkeys_imageio_imageio-webp 3.12.0
	   |-- org_quiltmc_parsers_gson 0.2.1
	   \-- org_quiltmc_parsers_json 0.2.1
[23:23:48] [main/INFO]: SpongePowered MIXIN Subsystem Version=0.8.7 Source=file:/workspaces/mineserver/servidor_minecraft/libraries/net/fabricmc/sponge-mixin/0.15.5+mixin.0.8.7/sponge-mixin-0.15.5+mixin.0.8.7.jar Service=Knot/Fabric Env=SERVER
[23:23:48] [main/INFO]: Compatibility level set to JAVA_21
[23:23:48] [main/INFO]: Loading config WWMixinsConfig from wilderwild
[23:23:48] [main/INFO]: Saving config WWMixinsConfig from wilderwild
[23:23:49] [main/INFO]: Initializing MixinExtras via com.llamalad7.mixinextras.service.MixinExtrasServiceImpl(version=0.4.1).
[23:23:50] [main/INFO]: Deserializing URConfig from './config/uselessreptile.json5'
[23:23:51] [main/INFO]: Loading config WWBlockConfig from wilderwild
[23:23:51] [main/INFO]: Saving config WWBlockConfig from wilderwild
[23:23:54] [main/INFO]: Loading config WWEntityConfig from wilderwild
[23:23:55] [main/INFO]: Saving config WWEntityConfig from wilderwild
[23:23:57] [main/INFO]: Initializing platform helper for Advanced Netherite!
[23:23:58] [main/INFO]: [CopperHopper] Configuration loaded: {nbtMatchEnabledIds=minecraft:enchanted_book minecraft:potion minecraft:splash_potion minecraft:lingering_potion minecraft:arrow minecraft:tipped_arrow minecraft:spectral_arrow}
[23:23:58] [main/INFO]: [CopperHopper] Initialized.
[23:23:58] [main/INFO]: Loading config FrozenLibConfig from frozenlib
[23:23:58] [main/INFO]: Saving config FrozenLibConfig from frozenlib
[23:23:58] [main/INFO]: Initializing JamLib on Fabric
[23:23:58] [main/INFO]: [More Mobs] Loaded More Mobs by Tschipcraft successfully!
[23:23:58] [main/INFO]: Updated config file at /workspaces/mineserver/servidor_minecraft/config/rightclickharvest.json5
[23:23:58] [main/INFO]: Initializing Right Click Harvest on FABRIC
[23:23:58] [main/INFO]: Deserializing URMobAttributesConfig from './config/uselessreptile_mob_attributes.json5'
[23:23:58] [main/INFO]: Deserializing URMobAttributesConfig from './config/uselessreptile_mob_attributes.json5'
[23:23:58] [main/INFO]: Applying Minecraft-Version-Based DataFixes for Wilder Wild with Data Version 3
[23:23:58] [FrozenLib Quilt Datafixer Bootstrap/INFO]: 2 Datafixer optimizations took 13 milliseconds
[23:23:58] [main/INFO]: Minecraft-Version-Specific DataFixes for Wilder Wild have been applied
[23:23:58] [main/INFO]: Applying DataFixes for Wilder Wild with Data Version 28
[23:23:58] [FrozenLib Quilt Datafixer Bootstrap/INFO]: 27 Datafixer optimizations took 29 milliseconds
[23:23:58] [main/INFO]: DataFixes for Wilder Wild have been applied
[23:23:59] [main/INFO]: Adding Music And Ambience for wilderwild
[23:23:59] [main/INFO]: Overriding Water Colors for wilderwild
[23:23:59] [main/WARN]: Encountered duplicate API provider registration for block: wilderwild:stone_chest
[23:23:59] [main/INFO]: Loading config WWWorldgenConfig from wilderwild
[23:23:59] [main/INFO]: Saving config WWWorldgenConfig from wilderwild
[23:23:59] [main/INFO]: Saving config WWMixinsConfig from wilderwild
[23:23:59] [main/INFO]: Saving config WWBlockConfig from wilderwild
[23:23:59] [main/INFO]: Saving config WWEntityConfig from wilderwild
[23:23:59] [main/INFO]: Saving config FrozenLibConfig from frozenlib
[23:23:59] [main/INFO]: Saving config WWWorldgenConfig from wilderwild
[23:24:00] [main/INFO]: Environment: Environment[sessionHost=https://sessionserver.mojang.com, servicesHost=https://api.minecraftservices.com, name=PROD]
[23:24:03] [main/INFO]: Loaded 1761 recipes
[23:24:03] [main/INFO]: Loading config WWAmbienceAndMiscConfig from wilderwild
[23:24:03] [main/INFO]: Saving config WWAmbienceAndMiscConfig from wilderwild
[23:24:03] [main/INFO]: Loaded 2038 advancements
[23:24:03] [main/INFO]: Applied 3645 biome modifications to 98 of 98 new biomes in 90.73 ms
[23:24:03] [Server thread/INFO]: [Quilt DFU API] Serverside DataFixer Registry is about to freeze
[23:24:03] [Server thread/INFO]: [Quilt DFU API] Serverside DataFixer Registry was frozen
[23:24:03] [Server thread/INFO]: Starting minecraft server version 1.21.4
[23:24:03] [Server thread/INFO]: Loading properties
[23:24:03] [Server thread/INFO]: Default game type: SURVIVAL
[23:24:03] [Server thread/INFO]: Generating keypair
[23:24:03] [Server thread/INFO]: Starting Minecraft server on *:25565
[23:24:03] [Server thread/INFO]: Using epoll channel type
[23:24:04] [Server thread/WARN]: **** SERVER IS RUNNING IN OFFLINE/INSECURE MODE!
[23:24:04] [Server thread/WARN]: The server will make no attempt to authenticate usernames. Beware.
[23:24:04] [Server thread/WARN]: While this makes the game possible to play without internet access, it also opens up the ability for hackers to connect with any username they choose.
[23:24:04] [Server thread/WARN]: To change this, set "online-mode" to "true" in the server.properties file.
[23:24:04] [Server thread/INFO]: Preparing level "world"
[23:24:04] [Server thread/INFO]: Wilder Wild's Overworld Surface Rules have been added!
[23:24:04] [Server thread/INFO]: Wilder Wild's No Preliminary Surface Overworld Surface Rules have been added!
[23:24:04] [Server thread/INFO]: Preparing start region for dimension minecraft:overworld
[23:24:11] [Worker-Main-1/INFO]: Preparing spawn area: 0%
[23:24:11] [Worker-Main-1/INFO]: Preparing spawn area: 0%
[23:24:11] [Worker-Main-1/INFO]: Preparing spawn area: 0%
[23:24:11] [Worker-Main-1/INFO]: Preparing spawn area: 0%
[23:24:11] [Worker-Main-1/INFO]: Preparing spawn area: 0%
[23:24:11] [Worker-Main-1/INFO]: Preparing spawn area: 0%
[23:24:11] [Worker-Main-1/INFO]: Preparing spawn area: 0%
[23:24:11] [Worker-Main-1/INFO]: Preparing spawn area: 0%
[23:24:11] [Worker-Main-1/INFO]: Preparing spawn area: 0%
[23:24:11] [Worker-Main-1/INFO]: Preparing spawn area: 0%
[23:24:11] [Worker-Main-1/INFO]: Preparing spawn area: 0%
[23:24:11] [Worker-Main-1/INFO]: Preparing spawn area: 0%
[23:24:11] [Worker-Main-1/INFO]: Preparing spawn area: 0%
[23:24:11] [Worker-Main-1/INFO]: Preparing spawn area: 0%
[23:24:11] [Worker-Main-1/INFO]: Preparing spawn area: 0%
[23:24:11] [Server thread/INFO]: Time elapsed: 7531 ms
[23:24:11] [Server thread/INFO]: Done (7.894s)! For help, type "help"
[23:25:11] [Server thread/INFO]: Server empty for 60 seconds, pausing
[23:31:31] [Server thread/INFO]: Avocado_20[/127.64.150.94:57165] logged in with entity id 14 at (-280.30000001192093, 88.0, 200.69999998807907)
[23:31:31] [Server thread/INFO]: Avocado_20 joined the game
[23:41:28] [Server thread/INFO]: Avocado_20 was slain by Zombie
[23:44:10] [Server thread/INFO]: Avocado_20 lost connection: Disconnected
[23:44:10] [Server thread/INFO]: Avocado_20 left the game
[23:44:21] [Server thread/INFO]: Avocado_20[/127.64.150.94:33089] logged in with entity id 3032 at (-264.90866360207355, 93.0, 195.76249998807907)
[23:44:21] [Server thread/INFO]: Avocado_20 joined the game
[23:49:55] [Server thread/INFO]: Avocado_20 lost connection: Disconnected
[23:49:55] [Server thread/INFO]: Avocado_20 left the game
[23:50:55] [Server thread/INFO]: Server empty for 60 seconds, pausing
[23:52:25] [Server thread/INFO]: Stopping the server
[23:52:25] [Server thread/INFO]: Stopping server
[23:52:25] [Server thread/INFO]: Saving players
[23:52:25] [Server thread/INFO]: Saving worlds
[23:52:25] [Server thread/INFO]: Saving chunks for level 'ServerLevel[world]'/minecraft:overworld
[23:52:25] [Server thread/INFO]: Saving chunks for level 'ServerLevel[world]'/minecraft:the_nether
[23:52:25] [Server thread/INFO]: Saving chunks for level 'ServerLevel[world]'/minecraft:the_end
[23:52:25] [Server thread/INFO]: Saving chunks for level 'ServerLevel[world]'/kattersstructures:deep_blue
[23:52:25] [Server thread/INFO]: ThreadedAnvilChunkStorage (world): All chunks are saved
[23:52:25] [Server thread/INFO]: ThreadedAnvilChunkStorage (DIM-1): All chunks are saved
[23:52:25] [Server thread/INFO]: ThreadedAnvilChunkStorage (DIM1): All chunks are saved
[23:52:25] [Server thread/INFO]: ThreadedAnvilChunkStorage (deep_blue): All chunks are saved
[23:52:25] [Server thread/INFO]: ThreadedAnvilChunkStorage: All dimensions are saved
